# JRE version: Java(TM) SE Runtime Environment (23.0.1+11) (build 23.0.1+11-39)
# Java VM: Java HotSpot(TM) 64-Bit Server VM (23.0.1+11-39, mixed mode, sharing, tiered, compressed oops, compressed class ptrs, g1 gc, linux-amd64)
GC Precious Log:
 CardTable entry size: 512
 Card Set container configuration: InlinePtr #cards 4 size 8 Array Of Cards #cards 32 size 80 Howl #buckets 8 coarsen threshold 7372 Howl Bitmap #cards 1024 size 144 coarsen threshold 921 Card regions per heap region 1 cards per card region 8192
 CPUs: 32 total, 12 available
 Memory: 31980M
 Large Page Support: Disabled
 NUMA Support: Disabled
 Compressed Oops: Enabled (Zero based)
 Heap Region Size: 4M
 Heap Min Capacity: 8M
 Heap Initial Capacity: 500M
 Heap Max Capacity: 7996M
 Pre-touch: Disabled
 Parallel Workers: 10
 Concurrent Workers: 3
 Concurrent Refinement Workers: 10
 Periodic GC: Disabled
Heap:
 garbage-first heap   total reserved 8187904K, committed 57344K, used 48268K [0x000000060c400000, 0x0000000800000000)
  region size 4096K, 9 young (36864K), 1 survivors (4096K)
 Metaspace       used 38098K, committed 38912K, reserved 1114112K
  class space    used 4506K, committed 4864K, reserved 1048576K
GC Heap History (20 events):
Event: 822,665 GC heap after
{Heap after GC invocations=29 (full 17):
 garbage-first heap   total reserved 8187904K, committed 69632K, used 18768K [0x000000060c400000, 0x0000000800000000)
  region size 4096K, 1 young (4096K), 1 survivors (4096K)
 Metaspace       used 37153K, committed 37888K, reserved 1114112K
  class space    used 4432K, committed 4800K, reserved 1048576K
}
Event: 850,244 GC heap before
{Heap before GC invocations=29 (full 17):
 garbage-first heap   total reserved 8187904K, committed 69632K, used 51536K [0x000000060c400000, 0x0000000800000000)
  region size 4096K, 9 young (36864K), 1 survivors (4096K)
 Metaspace       used 37234K, committed 38016K, reserved 1114112K
  class space    used 4438K, committed 4800K, reserved 1048576K
}
Event: 850,246 GC heap after
{Heap after GC invocations=30 (full 17):
 garbage-first heap   total reserved 8187904K, committed 69632K, used 18816K [0x000000060c400000, 0x0000000800000000)
  region size 4096K, 1 young (4096K), 1 survivors (4096K)
 Metaspace       used 37234K, committed 38016K, reserved 1114112K
  class space    used 4438K, committed 4800K, reserved 1048576K
}
Event: 915,191 GC heap before
{Heap before GC invocations=30 (full 17):
 garbage-first heap   total reserved 8187904K, committed 69632K, used 47488K [0x000000060c400000, 0x0000000800000000)
  region size 4096K, 9 young (36864K), 1 survivors (4096K)
 Metaspace       used 37306K, committed 38080K, reserved 1114112K
  class space    used 4444K, committed 4800K, reserved 1048576K
}
Event: 915,237 GC heap after
{Heap after GC invocations=31 (full 18):
 garbage-first heap   total reserved 8187904K, committed 57344K, used 15057K [0x000000060c400000, 0x0000000800000000)
  region size 4096K, 0 young (0K), 0 survivors (0K)
 Metaspace       used 37295K, committed 38080K, reserved 1114112K
  class space    used 4442K, committed 4800K, reserved 1048576K
}
Event: 929,762 GC heap before
{Heap before GC invocations=31 (full 18):
 garbage-first heap   total reserved 8187904K, committed 57344K, used 39633K [0x000000060c400000, 0x0000000800000000)
  region size 4096K, 7 young (28672K), 0 survivors (0K)
 Metaspace       used 37375K, committed 38144K, reserved 1114112K
  class space    used 4447K, committed 4800K, reserved 1048576K
}
Event: 929,810 GC heap after
{Heap after GC invocations=32 (full 19):
 garbage-first heap   total reserved 8187904K, committed 57344K, used 15101K [0x000000060c400000, 0x0000000800000000)
  region size 4096K, 0 young (0K), 0 survivors (0K)
 Metaspace       used 37372K, committed 38144K, reserved 1114112K
  class space    used 4446K, committed 4800K, reserved 1048576K
}
Event: 978,356 GC heap before
{Heap before GC invocations=32 (full 19):
 garbage-first heap   total reserved 8187904K, committed 57344K, used 43773K [0x000000060c400000, 0x0000000800000000)
  region size 4096K, 8 young (32768K), 0 survivors (0K)
 Metaspace       used 37500K, committed 38208K, reserved 1114112K
  class space    used 4455K, committed 4800K, reserved 1048576K
}
Event: 978,402 GC heap after
{Heap after GC invocations=33 (full 20):
 garbage-first heap   total reserved 8187904K, committed 57344K, used 15332K [0x000000060c400000, 0x0000000800000000)
  region size 4096K, 0 young (0K), 0 survivors (0K)
 Metaspace       used 37497K, committed 38208K, reserved 1114112K
  class space    used 4455K, committed 4800K, reserved 1048576K
}
Event: 994,928 GC heap before
{Heap before GC invocations=33 (full 20):
 garbage-first heap   total reserved 8187904K, committed 57344K, used 39908K [0x000000060c400000, 0x0000000800000000)
  region size 4096K, 7 young (28672K), 0 survivors (0K)
 Metaspace       used 37573K, committed 38336K, reserved 1114112K
  class space    used 4459K, committed 4800K, reserved 1048576K
}
Event: 994,975 GC heap after
{Heap after GC invocations=34 (full 21):
 garbage-first heap   total reserved 8187904K, committed 57344K, used 15225K [0x000000060c400000, 0x0000000800000000)
  region size 4096K, 0 young (0K), 0 survivors (0K)
 Metaspace       used 37571K, committed 38336K, reserved 1114112K
  class space    used 4459K, committed 4800K, reserved 1048576K
}
Event: 1104,541 GC heap before
{Heap before GC invocations=34 (full 21):
 garbage-first heap   total reserved 8187904K, committed 57344K, used 43897K [0x000000060c400000, 0x0000000800000000)
  region size 4096K, 8 young (32768K), 0 survivors (0K)
 Metaspace       used 37789K, committed 38592K, reserved 1114112K
  class space    used 4482K, committed 4800K, reserved 1048576K
}
Event: 1104,589 GC heap after
{Heap after GC invocations=35 (full 22):
 garbage-first heap   total reserved 8187904K, committed 57344K, used 15547K [0x000000060c400000, 0x0000000800000000)
  region size 4096K, 0 young (0K), 0 survivors (0K)
 Metaspace       used 37786K, committed 38592K, reserved 1114112K
  class space    used 4481K, committed 4800K, reserved 1048576K
}
Event: 1159,137 GC heap before
{Heap before GC invocations=35 (full 22):
 garbage-first heap   total reserved 8187904K, committed 57344K, used 44219K [0x000000060c400000, 0x0000000800000000)
  region size 4096K, 8 young (32768K), 0 survivors (0K)
 Metaspace       used 37898K, committed 38656K, reserved 1114112K
  class space    used 4490K, committed 4800K, reserved 1048576K
}
Event: 1159,183 GC heap after
{Heap after GC invocations=36 (full 23):
 garbage-first heap   total reserved 8187904K, committed 57344K, used 15407K [0x000000060c400000, 0x0000000800000000)
  region size 4096K, 0 young (0K), 0 survivors (0K)
 Metaspace       used 37896K, committed 38656K, reserved 1114112K
  class space    used 4490K, committed 4800K, reserved 1048576K
}
Event: 1207,715 GC heap before
{Heap before GC invocations=36 (full 23):
 garbage-first heap   total reserved 8187904K, committed 57344K, used 44079K [0x000000060c400000, 0x0000000800000000)
  region size 4096K, 8 young (32768K), 0 survivors (0K)
 Metaspace       used 37940K, committed 38720K, reserved 1114112K
  class space    used 4495K, committed 4800K, reserved 1048576K
}
Event: 1207,760 GC heap after
{Heap after GC invocations=37 (full 24):
 garbage-first heap   total reserved 8187904K, committed 57344K, used 15449K [0x000000060c400000, 0x0000000800000000)
  region size 4096K, 0 young (0K), 0 survivors (0K)
 Metaspace       used 37937K, committed 38720K, reserved 1114112K
  class space    used 4495K, committed 4800K, reserved 1048576K
}
Event: 1223,286 GC heap before
{Heap before GC invocations=37 (full 24):
 garbage-first heap   total reserved 8187904K, committed 57344K, used 40025K [0x000000060c400000, 0x0000000800000000)
  region size 4096K, 7 young (28672K), 0 survivors (0K)
 Metaspace       used 38025K, committed 38848K, reserved 1114112K
  class space    used 4500K, committed 4864K, reserved 1048576K
}
Event: 1223,331 GC heap after
{Heap after GC invocations=38 (full 25):
 garbage-first heap   total reserved 8187904K, committed 57344K, used 15500K [0x000000060c400000, 0x0000000800000000)
  region size 4096K, 0 young (0K), 0 survivors (0K)
 Metaspace       used 38022K, committed 38848K, reserved 1114112K
  class space    used 4500K, committed 4864K, reserved 1048576K
}
Event: 1667,615 GC heap before
{Heap before GC invocations=38 (full 25):
 garbage-first heap   total reserved 8187904K, committed 57344K, used 48268K [0x000000060c400000, 0x0000000800000000)
  region size 4096K, 8 young (32768K), 0 survivors (0K)
 Metaspace       used 38098K, committed 38912K, reserved 1114112K
  class space    used 4506K, committed 4864K, reserved 1048576K
}

